c:\users\irisrodrigues\documents\personal\c++\puzzlegame\puzzlegame\puzzlegame\debug\vc142.pdb
c:\users\irisrodrigues\documents\personal\c++\puzzlegame\puzzlegame\puzzlegame\debug\vc142.idb
c:\users\irisrodrigues\documents\personal\c++\puzzlegame\puzzlegame\puzzlegame\debug\main.obj
c:\users\irisrodrigues\documents\personal\c++\puzzlegame\puzzlegame\puzzlegame\debug\gamecontroller.obj
c:\users\irisrodrigues\documents\personal\c++\puzzlegame\puzzlegame\puzzlegame\debug\windowobj.obj
c:\users\irisrodrigues\documents\personal\c++\puzzlegame\puzzlegame\puzzlegame\debug\rendererobj.obj
c:\users\irisrodrigues\documents\personal\c++\puzzlegame\puzzlegame\puzzlegame\debug\eventhandler.obj
c:\users\irisrodrigues\documents\personal\c++\puzzlegame\puzzlegame\puzzlegame\debug\object.obj
c:\users\irisrodrigues\documents\personal\c++\puzzlegame\puzzlegame\puzzlegame\debug\interactiveobject.obj
c:\users\irisrodrigues\documents\personal\c++\puzzlegame\puzzlegame\puzzlegame\debug\texturemanager.obj
c:\users\irisrodrigues\documents\personal\c++\puzzlegame\puzzlegame\puzzlegame\debug\piece.obj
c:\users\irisrodrigues\documents\personal\c++\puzzlegame\puzzlegame\puzzlegame\debug\ore.obj
c:\users\irisrodrigues\documents\personal\c++\puzzlegame\puzzlegame\puzzlegame\debug\gamemanager.obj
c:\users\irisrodrigues\documents\personal\c++\puzzlegame\puzzlegame\puzzlegame\debug\boardhandler.obj
c:\users\irisrodrigues\documents\personal\c++\puzzlegame\puzzlegame\puzzlegame\debug\board.obj
c:\users\irisrodrigues\documents\personal\c++\puzzlegame\puzzlegame\puzzlegame\debug\utils.obj
c:\users\irisrodrigues\documents\personal\c++\puzzlegame\puzzlegame\debug\puzzlegame.exe
c:\users\irisrodrigues\documents\personal\c++\puzzlegame\puzzlegame\debug\puzzlegame.ilk
c:\users\irisrodrigues\documents\personal\c++\puzzlegame\puzzlegame\debug\puzzlegame.pdb
c:\users\irisrodrigues\documents\personal\c++\puzzlegame\puzzlegame\puzzlegame\debug\main.obj.enc
c:\users\irisrodrigues\documents\personal\c++\puzzlegame\puzzlegame\puzzlegame\debug\puzzlegame.tlog\cl.command.1.tlog
c:\users\irisrodrigues\documents\personal\c++\puzzlegame\puzzlegame\puzzlegame\debug\puzzlegame.tlog\cl.read.1.tlog
c:\users\irisrodrigues\documents\personal\c++\puzzlegame\puzzlegame\puzzlegame\debug\puzzlegame.tlog\cl.write.1.tlog
c:\users\irisrodrigues\documents\personal\c++\puzzlegame\puzzlegame\puzzlegame\debug\puzzlegame.tlog\link.command.1.tlog
c:\users\irisrodrigues\documents\personal\c++\puzzlegame\puzzlegame\puzzlegame\debug\puzzlegame.tlog\link.read.1.tlog
c:\users\irisrodrigues\documents\personal\c++\puzzlegame\puzzlegame\puzzlegame\debug\puzzlegame.tlog\link.write.1.tlog
